20140211 09:24:27
连接错误[SocketException]:由于目标计算机积极拒绝，无法连接。 192.168.1.242:4750

----------------------------------------
20140211 09:24:31
连接错误[SocketException]:由于目标计算机积极拒绝，无法连接。 192.168.1.242:4750

----------------------------------------
20140211 09:24:35
连接错误[SocketException]:由于连接方在一段时间后没有正确答复或连接的主机没有反应，连接尝试失败。 192.168.1.242:4750

----------------------------------------
20140211 09:24:35
连接错误[SocketException]:由于连接方在一段时间后没有正确答复或连接的主机没有反应，连接尝试失败。 192.168.1.201:4750

----------------------------------------
20140211 09:24:35
连接错误[SocketException]:由于连接方在一段时间后没有正确答复或连接的主机没有反应，连接尝试失败。 192.168.1.242:4750

----------------------------------------
20140211 09:24:35
连接错误[SocketException]:由于连接方在一段时间后没有正确答复或连接的主机没有反应，连接尝试失败。 192.168.1.201:4750

----------------------------------------
20140211 09:24:35
连接错误[SocketException]:由于连接方在一段时间后没有正确答复或连接的主机没有反应，连接尝试失败。 192.168.1.242:4750

----------------------------------------
20140211 09:24:35
连接错误[SocketException]:由于连接方在一段时间后没有正确答复或连接的主机没有反应，连接尝试失败。 192.168.1.201:4750

----------------------------------------
20140211 09:24:35
连接错误[SocketException]:由于连接方在一段时间后没有正确答复或连接的主机没有反应，连接尝试失败。 192.168.1.242:4750

----------------------------------------
20140211 09:24:35
连接错误[SocketException]:由于连接方在一段时间后没有正确答复或连接的主机没有反应，连接尝试失败。 192.168.1.201:4750

----------------------------------------
20140211 09:24:38
连接错误[SocketException]:由于连接方在一段时间后没有正确答复或连接的主机没有反应，连接尝试失败。 192.168.1.201:4750

----------------------------------------
20140211 09:24:51
连接错误[SocketException]:由于连接方在一段时间后没有正确答复或连接的主机没有反应，连接尝试失败。 192.168.1.201:4750

----------------------------------------
20140211 09:26:02
连接错误[SocketException]:由于目标计算机积极拒绝，无法连接。 192.168.1.242:4750

----------------------------------------
20140211 09:26:06
连接错误[SocketException]:由于目标计算机积极拒绝，无法连接。 192.168.1.242:4750

----------------------------------------
20140211 09:26:11
连接错误[SocketException]:由于目标计算机积极拒绝，无法连接。 192.168.1.242:4750

----------------------------------------
20140211 09:26:19
连接错误[SocketException]:由于连接方在一段时间后没有正确答复或连接的主机没有反应，连接尝试失败。 192.168.1.201:4750

----------------------------------------
20140211 09:26:25
连接错误[SocketException]:由于连接方在一段时间后没有正确答复或连接的主机没有反应，连接尝试失败。 192.168.1.201:4750

----------------------------------------
20140211 09:26:30
连接错误[SocketException]:由于连接方在一段时间后没有正确答复或连接的主机没有反应，连接尝试失败。 192.168.1.201:4750

----------------------------------------
20140211 09:26:31
连接错误[SocketException]:由于目标计算机积极拒绝，无法连接。 192.168.1.242:4750

----------------------------------------
20140211 09:26:48
连接错误[SocketException]:由于目标计算机积极拒绝，无法连接。 192.168.1.242:4750

----------------------------------------
20140211 09:26:50
连接错误[SocketException]:由于连接方在一段时间后没有正确答复或连接的主机没有反应，连接尝试失败。 192.168.1.201:4750

----------------------------------------
20140211 09:27:07
连接错误[SocketException]:由于连接方在一段时间后没有正确答复或连接的主机没有反应，连接尝试失败。 192.168.1.201:4750

----------------------------------------
20140211 12:11:39
连接错误[SocketException]:由于目标计算机积极拒绝，无法连接。 192.168.1.228:4750

----------------------------------------
20140211 12:11:59
连接错误[SocketException]:由于连接方在一段时间后没有正确答复或连接的主机没有反应，连接尝试失败。 192.168.1.201:4750

----------------------------------------
20140211 12:12:00
连接错误[SocketException]:由于目标计算机积极拒绝，无法连接。 192.168.1.228:4750

----------------------------------------
20140211 12:12:20
连接错误[SocketException]:由于连接方在一段时间后没有正确答复或连接的主机没有反应，连接尝试失败。 192.168.1.201:4750

----------------------------------------
20140211 12:12:27
连接错误[SocketException]:由于目标计算机积极拒绝，无法连接。 192.168.1.228:4750

----------------------------------------
20140211 12:12:47
连接错误[SocketException]:由于连接方在一段时间后没有正确答复或连接的主机没有反应，连接尝试失败。 192.168.1.201:4750

----------------------------------------
20140211 12:12:51
连接错误[SocketException]:由于目标计算机积极拒绝，无法连接。 192.168.1.228:4750

----------------------------------------
20140211 12:13:34
连接错误[SocketException]:由于连接方在一段时间后没有正确答复或连接的主机没有反应，连接尝试失败。 192.168.1.201:4750

----------------------------------------
20140211 12:13:56
连接错误[SocketException]:由于目标计算机积极拒绝，无法连接。 192.168.1.228:4750

----------------------------------------
20140211 12:14:17
连接错误[SocketException]:由于连接方在一段时间后没有正确答复或连接的主机没有反应，连接尝试失败。 192.168.1.201:4750

----------------------------------------
20140211 12:16:55
连接错误[SocketException]:由于目标计算机积极拒绝，无法连接。 192.168.1.228:4750

----------------------------------------
20140211 12:18:07
连接错误[SocketException]:由于目标计算机积极拒绝，无法连接。 192.168.1.228:4750

----------------------------------------
20140211 12:18:18
连接错误[SocketException]:由于目标计算机积极拒绝，无法连接。 192.168.1.228:4750

----------------------------------------
20140211 12:18:27
连接错误[SocketException]:由于连接方在一段时间后没有正确答复或连接的主机没有反应，连接尝试失败。 192.168.1.201:4750

----------------------------------------
20140211 12:18:38
连接错误[SocketException]:由于连接方在一段时间后没有正确答复或连接的主机没有反应，连接尝试失败。 192.168.1.201:4750

----------------------------------------
20140211 12:20:20
连接错误[SocketException]:由于连接方在一段时间后没有正确答复或连接的主机没有反应，连接尝试失败。 192.168.1.201:4750

----------------------------------------
20140211 12:20:46
连接错误[SocketException]:由于连接方在一段时间后没有正确答复或连接的主机没有反应，连接尝试失败。 192.168.1.201:4750

----------------------------------------
20140211 12:24:38
连接错误[SocketException]:由于目标计算机积极拒绝，无法连接。 192.168.1.228:4750

----------------------------------------
20140211 12:25:42
连接错误[SocketException]:由于连接方在一段时间后没有正确答复或连接的主机没有反应，连接尝试失败。 192.168.1.201:4750

----------------------------------------
20140211 12:25:45
连接错误[SocketException]:由于连接方在一段时间后没有正确答复或连接的主机没有反应，连接尝试失败。 192.168.1.201:4750

----------------------------------------
20140211 12:25:52
连接错误[SocketException]:由于连接方在一段时间后没有正确答复或连接的主机没有反应，连接尝试失败。 192.168.1.201:4750

----------------------------------------
20140211 12:26:05
连接错误[SocketException]:由于连接方在一段时间后没有正确答复或连接的主机没有反应，连接尝试失败。 192.168.1.201:4750

----------------------------------------
20140211 12:26:11
连接错误[SocketException]:由于连接方在一段时间后没有正确答复或连接的主机没有反应，连接尝试失败。 192.168.1.201:4750

----------------------------------------
20140211 12:26:11
连接错误[SocketException]:由于连接方在一段时间后没有正确答复或连接的主机没有反应，连接尝试失败。 192.168.1.201:4750

----------------------------------------
20140211 12:26:11
连接错误[SocketException]:由于连接方在一段时间后没有正确答复或连接的主机没有反应，连接尝试失败。 192.168.1.201:4750

----------------------------------------
20140211 12:26:11
连接错误[SocketException]:由于连接方在一段时间后没有正确答复或连接的主机没有反应，连接尝试失败。 192.168.1.201:4750

----------------------------------------
20140211 12:26:12
连接错误[SocketException]:由于连接方在一段时间后没有正确答复或连接的主机没有反应，连接尝试失败。 192.168.1.201:4750

----------------------------------------
20140211 12:26:12
连接错误[SocketException]:由于连接方在一段时间后没有正确答复或连接的主机没有反应，连接尝试失败。 192.168.1.201:4750

----------------------------------------
20140211 12:26:12
连接错误[SocketException]:由于连接方在一段时间后没有正确答复或连接的主机没有反应，连接尝试失败。 192.168.1.201:4750

----------------------------------------
20140211 12:26:12
连接错误[SocketException]:由于连接方在一段时间后没有正确答复或连接的主机没有反应，连接尝试失败。 192.168.1.201:4750

----------------------------------------
20140211 12:26:12
连接错误[SocketException]:由于连接方在一段时间后没有正确答复或连接的主机没有反应，连接尝试失败。 192.168.1.201:4750

----------------------------------------
20140211 15:03:39
SQL语句 SELECT pcname,officeName
FROM dbo.pcSetting
WHERE pcType=科室
SQL参数 
[SqlException]:列名 '科室' 无效。

----------------------------------------
20140211 15:23:45
[NullReferenceException]:未将对象引用设置到对象的实例。

----------------------------------------
20140211 15:49:39
SQL语句 SELECT pcname
FROM dbo.caller
WHERE 
pcanme=@pcname
SQL参数  @pcname =  
[SqlException]:列名 'pcanme' 无效。

----------------------------------------
20140211 15:49:59
SQL语句 
SQL参数 
[InvalidOperationException]:ExecuteNonQuery: CommandText 属性尚未初始化

----------------------------------------
20140211 16:24:58
SQL语句 UPDATE dbo.pcSetting
SET pcname = @pcname,
    officeIntroduce=@officeIntroduce
	HospitalLogoPath = @hospitallogopath,
	MaxQueue = @maxqueue,
	NewsString = @newsstring

SQL参数  @pcname = D001  @officeIntroduce = System.Windows.Forms.TextBox, Text: 我是大屏1  @hospitallogopath = null  @maxqueue = System.Windows.Forms.TextBox, Text: 我是大屏1  @newsstring = System.Windows.Forms.TextBox, Text: 6 
[ArgumentException]:不存在从对象类型 System.Windows.Forms.TextBox 到已知的托管提供程序本机类型的映射。

----------------------------------------
20140211 16:26:37
SQL语句 UPDATE dbo.pcSetting
SET pcname = @pcname,
    officeIntroduce=@officeIntroduce
	HospitalLogoPath = @hospitallogopath,
	MaxQueue = @maxqueue,
	NewsString = @newsstring

SQL参数  @pcname = D001  @officeIntroduce = 我是大屏1  @hospitallogopath = null  @maxqueue = 我是大屏1  @newsstring = 6 
[SqlException]:第 4 行: 'HospitalLogoPath' 附近有语法错误。

----------------------------------------
20140211 16:28:29
SQL语句 UPDATE dbo.pcSetting
SET pcname = @pcname,
    officeIntroduce=@officeIntroduce
	HospitalLogoPath = @hospitallogopath,
	MaxQueue = @maxqueue,
	NewsString = @newsstring

SQL参数  @pcname = D001  @officeIntroduce = 我是大屏1  @hospitallogopath = 地方  @maxqueue = 我是大屏1  @newsstring = 5 
[SqlException]:第 4 行: 'HospitalLogoPath' 附近有语法错误。

----------------------------------------
20140211 16:30:39
SQL语句 UPDATE dbo.pcSetting
SET pcname = @pcname,
    officeIntroduce=@officeIntroduce
	HospitalLogoPath = @hospitallogopath,
	MaxQueue = @maxqueue,
	NewsString = @newsstring
WHERE pcname=@pcname

SQL参数  @pcname = D001  @officeIntroduce = woshi   @hospitallogopath = sdf  @maxqueue = sdf  @newsstring = 3 
[SqlException]:第 4 行: 'HospitalLogoPath' 附近有语法错误。

----------------------------------------
20140211 16:32:38
SQL语句 UPDATE dbo.pcSetting
SET pcname = @pcname,
    officeIntroduce=@officeIntroduce,
	HospitalLogoPath = @hospitallogopath,
	MaxQueue = @maxqueue,
	NewsString = @newsstring
WHERE pcname=@pcname

SQL参数  @pcname = D001  @officeIntroduce = 大屏1  @hospitallogopath = 地方  @maxqueue = 大屏1  @newsstring = 4 
[SqlException]:列名 'HospitalLogoPath' 无效。

----------------------------------------
20140211 16:36:17
SQL语句 UPDATE dbo.pcSetting
SET pcname = @pcname,
    officeIntroduce=@officeIntroduce,	
	MaxQueue = @maxqueue,
	NewsString = @newsstring
WHERE pcname=@pcname

SQL参数  @pcname = D001  @officeIntroduce = 我是大屏  @maxqueue = 我是大屏1  @newsstring = 6 
[SqlException]:将 nvarchar 值 '我是大屏1' 转换为数据类型为 int 的列时发生语法错误。

----------------------------------------
20140211 16:37:45
SQL语句 UPDATE dbo.pcSetting
SET pcname = @pcname,
    officeIntroduce=@officeIntroduce,	
	MaxQueue = @maxqueue,
	NewsString = @newsstring
WHERE pcname=@pcname

SQL参数  @pcname = D001  @officeIntroduce = 我是大屏1  @maxqueue = 我是大屏1  @newsstring = 1 
[SqlException]:将 nvarchar 值 '我是大屏1' 转换为数据类型为 int 的列时发生语法错误。

----------------------------------------
20140211 16:40:34
SQL语句 INSERT INTO dbo.pcSetting
(pcname,officeIntroduce,MaxQueue, NewsString)
VALUES 
(@pcname, @officeIntroduce, @maxqueue, @newsstring)
SQL参数  @pcname = D002  @officeIntroduce = 我是大屏2  @maxqueue = 水电费水电费  @newsstring = 4 
[SqlException]:将 nvarchar 值 '水电费水电费' 转换为数据类型为 int 的列时发生语法错误。

----------------------------------------
20140211 17:23:53
连接错误[SocketException]:由于目标计算机积极拒绝，无法连接。 192.168.1.201:4750

----------------------------------------
20140211 17:24:01
连接错误[SocketException]:由于目标计算机积极拒绝，无法连接。 192.168.1.201:4750

----------------------------------------
20140211 17:26:21
连接错误[SocketException]:由于目标计算机积极拒绝，无法连接。 192.168.1.201:4750

----------------------------------------
20140211 17:26:21
连接错误[SocketException]:由于目标计算机积极拒绝，无法连接。 192.168.1.201:4750

----------------------------------------
20140211 17:26:21
连接错误[SocketException]:由于目标计算机积极拒绝，无法连接。 192.168.1.201:4750

----------------------------------------
20140211 17:26:32
连接错误[SocketException]:由于连接方在一段时间后没有正确答复或连接的主机没有反应，连接尝试失败。 192.168.1.201:4750

----------------------------------------
20140211 17:30:48
连接错误[SocketException]:由于目标计算机积极拒绝，无法连接。 192.168.1.201:4750

----------------------------------------
20140211 17:30:53
连接错误[SocketException]:由于目标计算机积极拒绝，无法连接。 192.168.1.201:4750

----------------------------------------
20140211 17:30:56
连接错误[SocketException]:由于目标计算机积极拒绝，无法连接。 192.168.1.201:4750

----------------------------------------
20140211 17:44:31
连接错误[SocketException]:由于连接方在一段时间后没有正确答复或连接的主机没有反应，连接尝试失败。 192.168.1.201:4750

----------------------------------------
20140211 17:44:46
连接错误[SocketException]:由于连接方在一段时间后没有正确答复或连接的主机没有反应，连接尝试失败。 192.168.1.201:4750

----------------------------------------
20140211 17:44:50
连接错误[SocketException]:由于连接方在一段时间后没有正确答复或连接的主机没有反应，连接尝试失败。 192.168.1.201:4750

----------------------------------------
20140211 17:44:50
连接错误[SocketException]:由于连接方在一段时间后没有正确答复或连接的主机没有反应，连接尝试失败。 192.168.1.201:4750

----------------------------------------
